[2025-05-29 21:58:22]	[info] incremental build: 27 source files changed
These source files will be recompiled
---
'd:\dev\EE_PROJECTs\Module_Validation\APP\main.c': object (.o) file not exist
'd:\dev\EE_PROJECTs\Module_Validation\APP\startup_cw32f030.s': object (.o) file not exist
'd:\dev\EE_PROJECTs\Module_Validation\BSP\uart\bsp_uart.c': object (.o) file not exist
'd:\dev\EE_PROJECTs\Module_Validation\Board\board.c': object (.o) file not exist
'd:\dev\EE_PROJECTs\Module_Validation\Libraries\src\cw32f030_adc.c': object (.o) file not exist
'd:\dev\EE_PROJECTs\Module_Validation\Libraries\src\cw32f030_atim.c': object (.o) file not exist
'd:\dev\EE_PROJECTs\Module_Validation\Libraries\src\cw32f030_awt.c': object (.o) file not exist
'd:\dev\EE_PROJECTs\Module_Validation\Libraries\src\cw32f030_btim.c': object (.o) file not exist
'd:\dev\EE_PROJECTs\Module_Validation\Libraries\src\cw32f030_crc.c': object (.o) file not exist
'd:\dev\EE_PROJECTs\Module_Validation\Libraries\src\cw32f030_debug.c': object (.o) file not exist
'd:\dev\EE_PROJECTs\Module_Validation\Libraries\src\cw32f030_digitalsign.c': object (.o) file not exist
'd:\dev\EE_PROJECTs\Module_Validation\Libraries\src\cw32f030_dma.c': object (.o) file not exist
'd:\dev\EE_PROJECTs\Module_Validation\Libraries\src\cw32f030_flash.c': object (.o) file not exist
'd:\dev\EE_PROJECTs\Module_Validation\Libraries\src\cw32f030_gpio.c': object (.o) file not exist
'd:\dev\EE_PROJECTs\Module_Validation\Libraries\src\cw32f030_gtim.c': object (.o) file not exist
'd:\dev\EE_PROJECTs\Module_Validation\Libraries\src\cw32f030_iwdt.c': object (.o) file not exist
'd:\dev\EE_PROJECTs\Module_Validation\Libraries\src\cw32f030_lvd.c': object (.o) file not exist
'd:\dev\EE_PROJECTs\Module_Validation\Libraries\src\cw32f030_pwr.c': object (.o) file not exist
'd:\dev\EE_PROJECTs\Module_Validation\Libraries\src\cw32f030_ram.c': object (.o) file not exist
'd:\dev\EE_PROJECTs\Module_Validation\Libraries\src\cw32f030_rcc.c': object (.o) file not exist
'd:\dev\EE_PROJECTs\Module_Validation\Libraries\src\cw32f030_rtc.c': object (.o) file not exist
'd:\dev\EE_PROJECTs\Module_Validation\Libraries\src\cw32f030_spi.c': object (.o) file not exist
'd:\dev\EE_PROJECTs\Module_Validation\Libraries\src\cw32f030_systick.c': object (.o) file not exist
'd:\dev\EE_PROJECTs\Module_Validation\Libraries\src\cw32f030_uart.c': object (.o) file not exist
'd:\dev\EE_PROJECTs\Module_Validation\Libraries\src\cw32f030_vc.c': object (.o) file not exist
'd:\dev\EE_PROJECTs\Module_Validation\Libraries\src\cw32f030_wwdt.c': object (.o) file not exist
'd:\dev\EE_PROJECTs\Module_Validation\Libraries\src\system_cw32f030.c': object (.o) file not exist

[2025-05-29 21:58:25]	[done]
	build successfully !

[2025-05-29 22:13:34]	[done]
	build successfully !

[2025-05-29 22:37:48]	[done]
	build successfully !

[2025-05-29 22:37:55]	[done]
	build successfully !

[2025-05-29 22:42:12]	[done]
	build successfully !

[2025-05-29 22:42:34]	[done]
	build successfully !

[2025-05-30 01:09:48]	[info] incremental build: 7 source files changed
These source files will be recompiled
---
'd:\dev\EE_PROJECTs\Module_Validation\APP\main.c': source file has been changed.
'd:\dev\EE_PROJECTs\Module_Validation\BSP\i2c\bsp_i2c.c': object (.o) file not exist
'd:\dev\EE_PROJECTs\Module_Validation\Module\ina226\driver_ina226_interface.c': object (.o) file not exist
'd:\dev\EE_PROJECTs\Module_Validation\Module\ina226\example\driver_ina226_alert.c': object (.o) file not exist
'd:\dev\EE_PROJECTs\Module_Validation\Module\ina226\example\driver_ina226_basic.c': object (.o) file not exist
'd:\dev\EE_PROJECTs\Module_Validation\Module\ina226\example\driver_ina226_shot.c': object (.o) file not exist
'd:\dev\EE_PROJECTs\Module_Validation\Module\ina226\src\driver_ina226.c': object (.o) file not exist

[2025-05-30 01:09:48]	compilation failed at : "d:\dev\EE_PROJECTs\Module_Validation\APP\main.c", exit code: 1
command: 
  "c:\Keil_v5\ARM\ARM_Compiler_5.06u7\bin\armcc.exe" -c --apcs=interwork -IAPP -IBoard -IBSP -ILibraries/inc -IModule -IBSP/uart -I.cmsis/include -IProject/MDK/RTE/_Project --cpu Cortex-M0+ --li --c99 -D__MICROLIB -O0 --split_sections --gnu --diag_suppress=1 --diag_suppress=1295 -g -o .\build\Project\.obj\APP\main.o --no_depend_system_headers --depend .\build\Project\.obj\APP\main.d .\APP\main.c
   at unify_builder.Program.Main(String[] args_)
---
".\APP\main.c", line 49: Warning:  #223-D: function "ina226_basic_init" declared implicitly
  	res = ina226_basic_init(INA226_ADDRESS_0, 0.1);
  	      ^
".\APP\main.c", line 49: Error:  #20: identifier "INA226_ADDRESS_0" is undefined
  	res = ina226_basic_init(INA226_ADDRESS_0, 0.1);
  	                        ^
".\APP\main.c", line 54: Warning:  #940-D: missing return statement at end of non-void function "ina226_init" 
  }
  ^
".\APP\main.c", line 58: Error:  #20: identifier "i" is undefined
  	for (i = 0; i < times; i++)
  	     ^
".\APP\main.c", line 64: Error:  #20: identifier "res" is undefined
  		res = ina226_basic_read(&mV, &mA, &mW);
  		^
".\APP\main.c", line 64: Warning:  #223-D: function "ina226_basic_read" declared implicitly
  		res = ina226_basic_read(&mV, &mA, &mW);
  		      ^
".\APP\main.c", line 67: Warning:  #223-D: function "ina226_basic_deinit" declared implicitly
  			(void)ina226_basic_deinit();
  			      ^
".\APP\main.c", line 72: Warning:  #223-D: function "ina226_interface_debug_print" declared implicitly
  		ina226_interface_debug_print("ina226: %d/%d.\n", i + 1, times);
  		^
".\APP\main.c", line 76: Warning:  #223-D: function "ina226_interface_delay_ms" declared implicitly
  		ina226_interface_delay_ms(1000);
  		^
".\APP\main.c", line 78: Warning:  #940-D: missing return statement at end of non-void function "ina226_poll" 
  }
  ^
.\APP\main.c: 7 warnings, 3 errors

[2025-05-30 01:11:00]	[info] incremental build: 7 source files changed
These source files will be recompiled
---
'd:\dev\EE_PROJECTs\Module_Validation\APP\main.c': source file has been changed.
'd:\dev\EE_PROJECTs\Module_Validation\BSP\i2c\bsp_i2c.c': object (.o) file not exist
'd:\dev\EE_PROJECTs\Module_Validation\Module\ina226\driver_ina226_interface.c': object (.o) file not exist
'd:\dev\EE_PROJECTs\Module_Validation\Module\ina226\example\driver_ina226_alert.c': object (.o) file not exist
'd:\dev\EE_PROJECTs\Module_Validation\Module\ina226\example\driver_ina226_basic.c': object (.o) file not exist
'd:\dev\EE_PROJECTs\Module_Validation\Module\ina226\example\driver_ina226_shot.c': object (.o) file not exist
'd:\dev\EE_PROJECTs\Module_Validation\Module\ina226\src\driver_ina226.c': object (.o) file not exist

[2025-05-30 01:11:00]	compilation failed at : "d:\dev\EE_PROJECTs\Module_Validation\APP\main.c", exit code: 1
command: 
  "c:\Keil_v5\ARM\ARM_Compiler_5.06u7\bin\armcc.exe" -c --apcs=interwork -IAPP -IBoard -IBSP -ILibraries/inc -IModule -IBSP/uart -I.cmsis/include -IProject/MDK/RTE/_Project --cpu Cortex-M0+ --li --c99 -D__MICROLIB -O0 --split_sections --gnu --diag_suppress=1 --diag_suppress=1295 -g -o .\build\Project\.obj\APP\main.o --no_depend_system_headers --depend .\build\Project\.obj\APP\main.d .\APP\main.c
   at unify_builder.Program.Main(String[] args_)
---
".\APP\main.c", line 15: Error:  #5: cannot open source input file "driver_ina226_interface.h": No such file or directory
  #include "driver_ina226_interface.h"
                                      ^
.\APP\main.c: 0 warnings, 1 error

[2025-05-30 01:13:07]	[info] incremental build: 33 source files changed
These source files will be recompiled
---
'd:\dev\EE_PROJECTs\Module_Validation\APP\main.c': source file has been changed.
'd:\dev\EE_PROJECTs\Module_Validation\APP\startup_cw32f030.s': compiler options has been changed.
'd:\dev\EE_PROJECTs\Module_Validation\BSP\i2c\bsp_i2c.c': object (.o) file not exist
'd:\dev\EE_PROJECTs\Module_Validation\BSP\uart\bsp_uart.c': compiler options has been changed.
'd:\dev\EE_PROJECTs\Module_Validation\Board\board.c': compiler options has been changed.
'd:\dev\EE_PROJECTs\Module_Validation\Libraries\src\cw32f030_adc.c': compiler options has been changed.
'd:\dev\EE_PROJECTs\Module_Validation\Libraries\src\cw32f030_atim.c': compiler options has been changed.
'd:\dev\EE_PROJECTs\Module_Validation\Libraries\src\cw32f030_awt.c': compiler options has been changed.
'd:\dev\EE_PROJECTs\Module_Validation\Libraries\src\cw32f030_btim.c': compiler options has been changed.
'd:\dev\EE_PROJECTs\Module_Validation\Libraries\src\cw32f030_crc.c': compiler options has been changed.
'd:\dev\EE_PROJECTs\Module_Validation\Libraries\src\cw32f030_debug.c': compiler options has been changed.
'd:\dev\EE_PROJECTs\Module_Validation\Libraries\src\cw32f030_digitalsign.c': compiler options has been changed.
'd:\dev\EE_PROJECTs\Module_Validation\Libraries\src\cw32f030_dma.c': compiler options has been changed.
'd:\dev\EE_PROJECTs\Module_Validation\Libraries\src\cw32f030_flash.c': compiler options has been changed.
'd:\dev\EE_PROJECTs\Module_Validation\Libraries\src\cw32f030_gpio.c': compiler options has been changed.
'd:\dev\EE_PROJECTs\Module_Validation\Libraries\src\cw32f030_gtim.c': compiler options has been changed.
'd:\dev\EE_PROJECTs\Module_Validation\Libraries\src\cw32f030_iwdt.c': compiler options has been changed.
'd:\dev\EE_PROJECTs\Module_Validation\Libraries\src\cw32f030_lvd.c': compiler options has been changed.
'd:\dev\EE_PROJECTs\Module_Validation\Libraries\src\cw32f030_pwr.c': compiler options has been changed.
'd:\dev\EE_PROJECTs\Module_Validation\Libraries\src\cw32f030_ram.c': compiler options has been changed.
'd:\dev\EE_PROJECTs\Module_Validation\Libraries\src\cw32f030_rcc.c': compiler options has been changed.
'd:\dev\EE_PROJECTs\Module_Validation\Libraries\src\cw32f030_rtc.c': compiler options has been changed.
'd:\dev\EE_PROJECTs\Module_Validation\Libraries\src\cw32f030_spi.c': compiler options has been changed.
'd:\dev\EE_PROJECTs\Module_Validation\Libraries\src\cw32f030_systick.c': compiler options has been changed.
'd:\dev\EE_PROJECTs\Module_Validation\Libraries\src\cw32f030_uart.c': compiler options has been changed.
'd:\dev\EE_PROJECTs\Module_Validation\Libraries\src\cw32f030_vc.c': compiler options has been changed.
'd:\dev\EE_PROJECTs\Module_Validation\Libraries\src\cw32f030_wwdt.c': compiler options has been changed.
'd:\dev\EE_PROJECTs\Module_Validation\Libraries\src\system_cw32f030.c': compiler options has been changed.
'd:\dev\EE_PROJECTs\Module_Validation\Module\ina226\driver_ina226_interface.c': object (.o) file not exist
'd:\dev\EE_PROJECTs\Module_Validation\Module\ina226\example\driver_ina226_alert.c': object (.o) file not exist
'd:\dev\EE_PROJECTs\Module_Validation\Module\ina226\example\driver_ina226_basic.c': object (.o) file not exist
'd:\dev\EE_PROJECTs\Module_Validation\Module\ina226\example\driver_ina226_shot.c': object (.o) file not exist
'd:\dev\EE_PROJECTs\Module_Validation\Module\ina226\src\driver_ina226.c': object (.o) file not exist

[2025-05-30 01:13:08]	compilation failed at : "d:\dev\EE_PROJECTs\Module_Validation\APP\main.c", exit code: 1
command: 
  "c:\Keil_v5\ARM\ARM_Compiler_5.06u7\bin\armcc.exe" -c --apcs=interwork -IAPP -IBoard -IBSP -ILibraries/inc -IModule -IBSP/uart -I.cmsis/include -IProject/MDK/RTE/_Project -IModule/ina226/inc --cpu Cortex-M0+ --li --c99 -D__MICROLIB -O0 --split_sections --gnu --diag_suppress=1 --diag_suppress=1295 -g -o .\build\Project\.obj\APP\main.o --no_depend_system_headers --depend .\build\Project\.obj\APP\main.d .\APP\main.c
   at unify_builder.Program.compileByMulThread(Int32 thrNum, CmdInfo[] cmds_, List`1 errLogs)
   at unify_builder.Program.Main(String[] args_)
---
".\APP\main.c", line 47: Error:  #147: declaration is incompatible with "uint8_t ina226_init(ina226_handle_t *)"  (declared at line 372 of "Module/ina226/inc/driver_ina226.h")
  int32_t ina226_init(void)
          ^
".\APP\main.c", line 56: Warning:  #940-D: missing return statement at end of non-void function "ina226_init" 
  }
  ^
".\APP\main.c", line 60: Error:  #20: identifier "i" is undefined
  	for (i = 0; i < times; i++)
  	     ^
".\APP\main.c", line 66: Error:  #20: identifier "res" is undefined
  		res = ina226_basic_read(&mV, &mA, &mW);
  		^
".\APP\main.c", line 80: Warning:  #940-D: missing return statement at end of non-void function "ina226_poll" 
  }
  ^
.\APP\main.c: 2 warnings, 3 errors

[2025-05-30 01:15:36]	[info] incremental build: 32 source files changed
These source files will be recompiled
---
'd:\dev\EE_PROJECTs\Module_Validation\APP\main.c': source file has been changed.
'd:\dev\EE_PROJECTs\Module_Validation\APP\startup_cw32f030.s': compiler options has been changed.
'd:\dev\EE_PROJECTs\Module_Validation\BSP\i2c\bsp_i2c.c': compiler options has been changed.
'd:\dev\EE_PROJECTs\Module_Validation\BSP\uart\bsp_uart.c': compiler options has been changed.
'd:\dev\EE_PROJECTs\Module_Validation\Board\board.c': compiler options has been changed.
'd:\dev\EE_PROJECTs\Module_Validation\Libraries\src\cw32f030_adc.c': compiler options has been changed.
'd:\dev\EE_PROJECTs\Module_Validation\Libraries\src\cw32f030_atim.c': compiler options has been changed.
'd:\dev\EE_PROJECTs\Module_Validation\Libraries\src\cw32f030_awt.c': compiler options has been changed.
'd:\dev\EE_PROJECTs\Module_Validation\Libraries\src\cw32f030_btim.c': compiler options has been changed.
'd:\dev\EE_PROJECTs\Module_Validation\Libraries\src\cw32f030_crc.c': compiler options has been changed.
'd:\dev\EE_PROJECTs\Module_Validation\Libraries\src\cw32f030_debug.c': compiler options has been changed.
'd:\dev\EE_PROJECTs\Module_Validation\Libraries\src\cw32f030_digitalsign.c': compiler options has been changed.
'd:\dev\EE_PROJECTs\Module_Validation\Libraries\src\cw32f030_dma.c': compiler options has been changed.
'd:\dev\EE_PROJECTs\Module_Validation\Libraries\src\cw32f030_flash.c': compiler options has been changed.
'd:\dev\EE_PROJECTs\Module_Validation\Libraries\src\cw32f030_gpio.c': compiler options has been changed.
'd:\dev\EE_PROJECTs\Module_Validation\Libraries\src\cw32f030_gtim.c': compiler options has been changed.
'd:\dev\EE_PROJECTs\Module_Validation\Libraries\src\cw32f030_iwdt.c': compiler options has been changed.
'd:\dev\EE_PROJECTs\Module_Validation\Libraries\src\cw32f030_lvd.c': compiler options has been changed.
'd:\dev\EE_PROJECTs\Module_Validation\Libraries\src\cw32f030_pwr.c': compiler options has been changed.
'd:\dev\EE_PROJECTs\Module_Validation\Libraries\src\cw32f030_ram.c': compiler options has been changed.
'd:\dev\EE_PROJECTs\Module_Validation\Libraries\src\cw32f030_rcc.c': compiler options has been changed.
'd:\dev\EE_PROJECTs\Module_Validation\Libraries\src\cw32f030_rtc.c': compiler options has been changed.
'd:\dev\EE_PROJECTs\Module_Validation\Libraries\src\cw32f030_spi.c': compiler options has been changed.
'd:\dev\EE_PROJECTs\Module_Validation\Libraries\src\cw32f030_systick.c': compiler options has been changed.
'd:\dev\EE_PROJECTs\Module_Validation\Libraries\src\cw32f030_uart.c': compiler options has been changed.
'd:\dev\EE_PROJECTs\Module_Validation\Libraries\src\cw32f030_vc.c': compiler options has been changed.
'd:\dev\EE_PROJECTs\Module_Validation\Libraries\src\cw32f030_wwdt.c': compiler options has been changed.
'd:\dev\EE_PROJECTs\Module_Validation\Libraries\src\system_cw32f030.c': compiler options has been changed.
'd:\dev\EE_PROJECTs\Module_Validation\Module\ina226\driver_ina226_interface.c': object (.o) file not exist
'd:\dev\EE_PROJECTs\Module_Validation\Module\ina226\example\driver_ina226_alert.c': object (.o) file not exist
'd:\dev\EE_PROJECTs\Module_Validation\Module\ina226\example\driver_ina226_basic.c': object (.o) file not exist
'd:\dev\EE_PROJECTs\Module_Validation\Module\ina226\example\driver_ina226_shot.c': object (.o) file not exist

[2025-05-30 01:15:37]	compilation failed at : "d:\dev\EE_PROJECTs\Module_Validation\APP\main.c", exit code: 1
command: 
  "c:\Keil_v5\ARM\ARM_Compiler_5.06u7\bin\armcc.exe" -c --apcs=interwork -IAPP -IBoard -IBSP -ILibraries/inc -IModule -IBSP/uart -I.cmsis/include -IProject/MDK/RTE/_Project -IModule/ina226 -IBSP/i2c -IModule/ina226/example --cpu Cortex-M0+ --li --c99 -D__MICROLIB -O0 --split_sections --gnu --diag_suppress=1 --diag_suppress=1295 -g -o .\build\Project\.obj\APP\main.o --no_depend_system_headers --depend .\build\Project\.obj\APP\main.d .\APP\main.c
   at unify_builder.Program.compileByMulThread(Int32 thrNum, CmdInfo[] cmds_, List`1 errLogs)
   at unify_builder.Program.Main(String[] args_)
---
".\APP\main.c", line 47: Error:  #147: declaration is incompatible with "uint8_t ina226_init(ina226_handle_t *)"  (declared at line 372 of "Module/ina226/driver_ina226.h")
  int32_t ina226_init(void)
          ^
".\APP\main.c", line 56: Warning:  #940-D: missing return statement at end of non-void function "ina226_init" 
  }
  ^
".\APP\main.c", line 60: Error:  #20: identifier "i" is undefined
  	for (i = 0; i < times; i++)
  	     ^
".\APP\main.c", line 66: Error:  #20: identifier "res" is undefined
  		res = ina226_basic_read(&mV, &mA, &mW);
  		^
".\APP\main.c", line 80: Warning:  #940-D: missing return statement at end of non-void function "ina226_poll" 
  }
  ^
.\APP\main.c: 2 warnings, 3 errors

[2025-05-30 01:18:03]	[info] incremental build: 17 source files changed
These source files will be recompiled
---
'd:\dev\EE_PROJECTs\Module_Validation\APP\main.c': source file has been changed.
'd:\dev\EE_PROJECTs\Module_Validation\Libraries\src\cw32f030_iwdt.c': compiler options has been changed.
'd:\dev\EE_PROJECTs\Module_Validation\Libraries\src\cw32f030_lvd.c': compiler options has been changed.
'd:\dev\EE_PROJECTs\Module_Validation\Libraries\src\cw32f030_pwr.c': compiler options has been changed.
'd:\dev\EE_PROJECTs\Module_Validation\Libraries\src\cw32f030_ram.c': compiler options has been changed.
'd:\dev\EE_PROJECTs\Module_Validation\Libraries\src\cw32f030_rcc.c': compiler options has been changed.
'd:\dev\EE_PROJECTs\Module_Validation\Libraries\src\cw32f030_rtc.c': compiler options has been changed.
'd:\dev\EE_PROJECTs\Module_Validation\Libraries\src\cw32f030_spi.c': compiler options has been changed.
'd:\dev\EE_PROJECTs\Module_Validation\Libraries\src\cw32f030_systick.c': compiler options has been changed.
'd:\dev\EE_PROJECTs\Module_Validation\Libraries\src\cw32f030_uart.c': compiler options has been changed.
'd:\dev\EE_PROJECTs\Module_Validation\Libraries\src\cw32f030_vc.c': compiler options has been changed.
'd:\dev\EE_PROJECTs\Module_Validation\Libraries\src\cw32f030_wwdt.c': compiler options has been changed.
'd:\dev\EE_PROJECTs\Module_Validation\Libraries\src\system_cw32f030.c': compiler options has been changed.
'd:\dev\EE_PROJECTs\Module_Validation\Module\ina226\driver_ina226_interface.c': object (.o) file not exist
'd:\dev\EE_PROJECTs\Module_Validation\Module\ina226\example\driver_ina226_alert.c': object (.o) file not exist
'd:\dev\EE_PROJECTs\Module_Validation\Module\ina226\example\driver_ina226_basic.c': object (.o) file not exist
'd:\dev\EE_PROJECTs\Module_Validation\Module\ina226\example\driver_ina226_shot.c': object (.o) file not exist

[2025-05-30 01:18:04]	compilation failed at : "d:\dev\EE_PROJECTs\Module_Validation\APP\main.c", exit code: 1
command: 
  "c:\Keil_v5\ARM\ARM_Compiler_5.06u7\bin\armcc.exe" -c --apcs=interwork -IAPP -IBoard -IBSP -ILibraries/inc -IModule -IBSP/uart -I.cmsis/include -IProject/MDK/RTE/_Project -IModule/ina226 -IBSP/i2c -IModule/ina226/example --cpu Cortex-M0+ --li --c99 -D__MICROLIB -O0 --split_sections --gnu --diag_suppress=1 --diag_suppress=1295 -g -o .\build\Project\.obj\APP\main.o --no_depend_system_headers --depend .\build\Project\.obj\APP\main.d .\APP\main.c
   at unify_builder.Program.compileByMulThread(Int32 thrNum, CmdInfo[] cmds_, List`1 errLogs)
   at unify_builder.Program.Main(String[] args_)
---
".\APP\main.c", line 47: Error:  #147: declaration is incompatible with "uint8_t ina226_init(ina226_handle_t *)"  (declared at line 372 of "Module/ina226/driver_ina226.h")
  int32_t ina226_init(void)
          ^
.\APP\main.c: 0 warnings, 1 error

[2025-05-30 01:21:20]	[info] incremental build: 10 source files changed
These source files will be recompiled
---
'd:\dev\EE_PROJECTs\Module_Validation\APP\main.c': source file has been changed.
'd:\dev\EE_PROJECTs\Module_Validation\Libraries\src\cw32f030_systick.c': compiler options has been changed.
'd:\dev\EE_PROJECTs\Module_Validation\Libraries\src\cw32f030_uart.c': compiler options has been changed.
'd:\dev\EE_PROJECTs\Module_Validation\Libraries\src\cw32f030_vc.c': compiler options has been changed.
'd:\dev\EE_PROJECTs\Module_Validation\Libraries\src\cw32f030_wwdt.c': compiler options has been changed.
'd:\dev\EE_PROJECTs\Module_Validation\Libraries\src\system_cw32f030.c': compiler options has been changed.
'd:\dev\EE_PROJECTs\Module_Validation\Module\ina226\driver_ina226_interface.c': object (.o) file not exist
'd:\dev\EE_PROJECTs\Module_Validation\Module\ina226\example\driver_ina226_alert.c': object (.o) file not exist
'd:\dev\EE_PROJECTs\Module_Validation\Module\ina226\example\driver_ina226_basic.c': object (.o) file not exist
'd:\dev\EE_PROJECTs\Module_Validation\Module\ina226\example\driver_ina226_shot.c': object (.o) file not exist

[2025-05-30 01:21:21]	compilation failed at : "d:\dev\EE_PROJECTs\Module_Validation\Module\ina226\driver_ina226_interface.c", exit code: 1
command: 
  "c:\Keil_v5\ARM\ARM_Compiler_5.06u7\bin\armcc.exe" -c --apcs=interwork -IAPP -IBoard -IBSP -ILibraries/inc -IModule -IBSP/uart -I.cmsis/include -IProject/MDK/RTE/_Project -IModule/ina226 -IBSP/i2c -IModule/ina226/example --cpu Cortex-M0+ --li --c99 -D__MICROLIB -O0 --split_sections --gnu --diag_suppress=1 --diag_suppress=1295 -g -o .\build\Project\.obj\Module\ina226\driver_ina226_interface.o --no_depend_system_headers --depend .\build\Project\.obj\Module\ina226\driver_ina226_interface.d .\Module\ina226\driver_ina226_interface.c
   at unify_builder.Program.compileByMulThread(Int32 thrNum, CmdInfo[] cmds_, List`1 errLogs)
   at unify_builder.Program.Main(String[] args_)
---
".\Module\ina226\driver_ina226_interface.c", line 83: Warning:  #223-D: function "IIC_Start" declared implicitly
      IIC_Start(); // start signal
      ^
".\Module\ina226\driver_ina226_interface.c", line 85: Warning:  #223-D: function "IIC_Write" declared implicitly
      IIC_Write(addr); // write device address
      ^
".\Module\ina226\driver_ina226_interface.c", line 86: Warning:  #223-D: function "IIC_Wait_Ack" declared implicitly
      if (IIC_Wait_Ack() != 0) // wait ack
          ^
".\Module\ina226\driver_ina226_interface.c", line 88: Warning:  #223-D: function "IIC_Stop" declared implicitly
          IIC_Stop(); // stop signal
          ^
".\Module\ina226\driver_ina226_interface.c", line 93: Warning:  #223-D: function "IIC_Wait_Ack" declared implicitly
      if (IIC_Wait_Ack() != 0) // wait ack
          ^
".\Module\ina226\driver_ina226_interface.c", line 95: Warning:  #223-D: function "IIC_Stop" declared implicitly
          IIC_Stop(); // stop signal
          ^
".\Module\ina226\driver_ina226_interface.c", line 103: Warning:  #223-D: function "IIC_Send_Ack" declared implicitly
              IIC_Send_Ack(1); // send nack
              ^
".\Module\ina226\driver_ina226_interface.c", line 107: Warning:  #223-D: function "IIC_Send_Ack" declared implicitly
              IIC_Send_Ack(0); // send ack
              ^
".\Module\ina226\driver_ina226_interface.c", line 110: Warning:  #223-D: function "IIC_Read" declared implicitly
          *buf++ = IIC_Read(); // read data
                   ^
".\Module\ina226\driver_ina226_interface.c", line 131: Warning:  #223-D: function "IIC_Start" declared implicitly
      IIC_Start(); // start signal
      ^
".\Module\ina226\driver_ina226_interface.c", line 133: Warning:  #223-D: function "IIC_Write" declared implicitly
      IIC_Write(addr); // write device address
      ^
".\Module\ina226\driver_ina226_interface.c", line 135: Warning:  #223-D: function "IIC_Wait_Ack" declared implicitly
      if (IIC_Wait_Ack() != 0) // wait ack
          ^
".\Module\ina226\driver_ina226_interface.c", line 137: Warning:  #223-D: function "IIC_Stop" declared implicitly
          IIC_Stop(); // stop signal
          ^
".\Module\ina226\driver_ina226_interface.c", line 143: Warning:  #223-D: function "IIC_Wait_Ack" declared implicitly
      if (IIC_Wait_Ack() != 0) // wait ack
          ^
".\Module\ina226\driver_ina226_interface.c", line 145: Warning:  #223-D: function "IIC_Stop" declared implicitly
          IIC_Stop(); // stop signal
          ^
".\Module\ina226\driver_ina226_interface.c", line 152: Warning:  #223-D: function "IIC_Wait_Ack" declared implicitly
          if (IIC_Wait_Ack() != 0) // wait ack
              ^
".\Module\ina226\driver_ina226_interface.c", line 154: Warning:  #223-D: function "IIC_Stop" declared implicitly
              IIC_Stop(); // stop signal
              ^
".\Module\ina226\driver_ina226_interface.c", line 159: Warning:  #223-D: function "IIC_Stop" declared implicitly
      IIC_Stop(); // stop signal
      ^
".\Module\ina226\driver_ina226_interface.c", line 181: Error:  #969: the identifier __VA_ARGS__ can only appear in the replacement lists of variadic macros
      printf(fmt, __VA_ARGS__); // use printf to print debug information
                  ^
".\Module\ina226\driver_ina226_interface.c", line 181: Error:  #20: identifier "__VA_ARGS__" is undefined
      printf(fmt, __VA_ARGS__); // use printf to print debug information
                  ^
.\Module\ina226\driver_ina226_interface.c: 18 warnings, 2 errors

[2025-05-30 01:23:06]	[info] incremental build: 4 source files changed
These source files will be recompiled
---
'd:\dev\EE_PROJECTs\Module_Validation\BSP\i2c\bsp_i2c.c': dependence 'd:\dev\EE_PROJECTs\Module_Validation\BSP\i2c\bsp_i2c.h' has been changed.
'd:\dev\EE_PROJECTs\Module_Validation\Module\ina226\driver_ina226_interface.c': object (.o) file not exist
'd:\dev\EE_PROJECTs\Module_Validation\Module\ina226\example\driver_ina226_basic.c': object (.o) file not exist
'd:\dev\EE_PROJECTs\Module_Validation\Module\ina226\example\driver_ina226_shot.c': object (.o) file not exist

[2025-05-30 01:23:07]	compilation failed at : "d:\dev\EE_PROJECTs\Module_Validation\Module\ina226\driver_ina226_interface.c", exit code: 1
command: 
  "c:\Keil_v5\ARM\ARM_Compiler_5.06u7\bin\armcc.exe" -c --apcs=interwork -IAPP -IBoard -IBSP -ILibraries/inc -IModule -IBSP/uart -I.cmsis/include -IProject/MDK/RTE/_Project -IModule/ina226 -IBSP/i2c -IModule/ina226/example --cpu Cortex-M0+ --li --c99 -D__MICROLIB -O0 --split_sections --gnu --diag_suppress=1 --diag_suppress=1295 -g -o .\build\Project\.obj\Module\ina226\driver_ina226_interface.o --no_depend_system_headers --depend .\build\Project\.obj\Module\ina226\driver_ina226_interface.d .\Module\ina226\driver_ina226_interface.c
   at unify_builder.Program.Main(String[] args_)
---
".\Module\ina226\driver_ina226_interface.c", line 181: Error:  #969: the identifier __VA_ARGS__ can only appear in the replacement lists of variadic macros
      printf(fmt, __VA_ARGS__); // use printf to print debug information
                  ^
".\Module\ina226\driver_ina226_interface.c", line 181: Error:  #20: identifier "__VA_ARGS__" is undefined
      printf(fmt, __VA_ARGS__); // use printf to print debug information
                  ^
.\Module\ina226\driver_ina226_interface.c: 0 warnings, 2 errors

[2025-05-30 01:24:32]	[info] incremental build: 3 source files changed
These source files will be recompiled
---
'd:\dev\EE_PROJECTs\Module_Validation\Module\ina226\driver_ina226_interface.c': object (.o) file not exist
'd:\dev\EE_PROJECTs\Module_Validation\Module\ina226\example\driver_ina226_basic.c': object (.o) file not exist
'd:\dev\EE_PROJECTs\Module_Validation\Module\ina226\example\driver_ina226_shot.c': object (.o) file not exist

[2025-05-30 01:24:32]	compilation failed at : "d:\dev\EE_PROJECTs\Module_Validation\Module\ina226\driver_ina226_interface.c", exit code: 1
command: 
  "c:\Keil_v5\ARM\ARM_Compiler_5.06u7\bin\armcc.exe" -c --apcs=interwork -IAPP -IBoard -IBSP -ILibraries/inc -IModule -IBSP/uart -I.cmsis/include -IProject/MDK/RTE/_Project -IModule/ina226 -IBSP/i2c -IModule/ina226/example --cpu Cortex-M0+ --li --c99 -D__MICROLIB -O0 --split_sections --gnu --diag_suppress=1 --diag_suppress=1295 -g -o .\build\Project\.obj\Module\ina226\driver_ina226_interface.o --no_depend_system_headers --depend .\build\Project\.obj\Module\ina226\driver_ina226_interface.d .\Module\ina226\driver_ina226_interface.c
   at unify_builder.Program.Main(String[] args_)
---
".\Module\ina226\driver_ina226_interface.c", line 182: Error:  #20: identifier "va_list" is undefined
      va_list args;
      ^
".\Module\ina226\driver_ina226_interface.c", line 185: Warning:  #223-D: function "va_start" declared implicitly
      va_start(args, fmt);
      ^
".\Module\ina226\driver_ina226_interface.c", line 187: Warning:  #223-D: function "va_end" declared implicitly
      va_end(args);
      ^
.\Module\ina226\driver_ina226_interface.c: 2 warnings, 1 error

[2025-05-30 01:25:05]	[info] incremental build: 3 source files changed
These source files will be recompiled
---
'd:\dev\EE_PROJECTs\Module_Validation\Module\ina226\driver_ina226_interface.c': object (.o) file not exist
'd:\dev\EE_PROJECTs\Module_Validation\Module\ina226\example\driver_ina226_basic.c': object (.o) file not exist
'd:\dev\EE_PROJECTs\Module_Validation\Module\ina226\example\driver_ina226_shot.c': object (.o) file not exist

[2025-05-30 01:25:06]	link failed !, exit code: 1
   at unify_builder.Program.Main(String[] args_)
---
Error: L6218E: Undefined symbol ina226_bus_voltage_convert_to_register (referred from driver_ina226_alert.o).
Error: L6218E: Undefined symbol ina226_calculate_calibration (referred from driver_ina226_alert.o).
Error: L6218E: Undefined symbol ina226_deinit (referred from driver_ina226_alert.o).
Error: L6218E: Undefined symbol ina226_init (referred from driver_ina226_alert.o).
Error: L6218E: Undefined symbol ina226_irq_handler (referred from driver_ina226_alert.o).
Error: L6218E: Undefined symbol ina226_power_convert_to_register (referred from driver_ina226_alert.o).
Error: L6218E: Undefined symbol ina226_read_bus_voltage (referred from driver_ina226_alert.o).
Error: L6218E: Undefined symbol ina226_read_current (referred from driver_ina226_alert.o).
Error: L6218E: Undefined symbol ina226_read_power (referred from driver_ina226_alert.o).
Error: L6218E: Undefined symbol ina226_set_addr_pin (referred from driver_ina226_alert.o).
Error: L6218E: Undefined symbol ina226_set_alert_latch (referred from driver_ina226_alert.o).
Error: L6218E: Undefined symbol ina226_set_alert_limit (referred from driver_ina226_alert.o).
Error: L6218E: Undefined symbol ina226_set_alert_polarity_pin (referred from driver_ina226_alert.o).
Error: L6218E: Undefined symbol ina226_set_average_mode (referred from driver_ina226_alert.o).
Error: L6218E: Undefined symbol ina226_set_bus_voltage_conversion_time (referred from driver_ina226_alert.o).
Error: L6218E: Undefined symbol ina226_set_calibration (referred from driver_ina226_alert.o).
Error: L6218E: Undefined symbol ina226_set_conversion_ready_alert_pin (referred from driver_ina226_alert.o).
Error: L6218E: Undefined symbol ina226_set_mask (referred from driver_ina226_alert.o).
Error: L6218E: Undefined symbol ina226_set_mode (referred from driver_ina226_alert.o).
Error: L6218E: Undefined symbol ina226_set_resistance (referred from driver_ina226_alert.o).
Error: L6218E: Undefined symbol ina226_set_shunt_voltage_conversion_time (referred from driver_ina226_alert.o).
Error: L6218E: Undefined symbol ina226_shunt_voltage_convert_to_register (referred from driver_ina226_alert.o).
Not enough information to list image symbols.
Finished: 1 information, 0 warning and 22 error messages.


[2025-05-30 01:27:09]	[info] incremental build: 1 source files changed
These source files will be recompiled
---
'd:\dev\EE_PROJECTs\Module_Validation\Module\ina226\driver_ina226.c': object (.o) file not exist

[2025-05-30 01:27:10]	[done]
	build successfully !

[2025-05-30 01:34:44]	[info] incremental build: 1 source files changed
These source files will be recompiled
---
'd:\dev\EE_PROJECTs\Module_Validation\APP\main.c': source file has been changed.

[2025-05-30 01:34:44]	[done]
	build successfully !

[2025-05-30 01:52:09]	[info] incremental build: 1 source files changed
These source files will be recompiled
---
'd:\dev\EE_PROJECTs\Module_Validation\APP\main.c': source file has been changed.

[2025-05-30 01:52:09]	[done]
	build successfully !

[2025-05-30 01:59:55]	[info] incremental build: 1 source files changed
These source files will be recompiled
---
'd:\dev\EE_PROJECTs\Module_Validation\BSP\i2c\bsp_i2c.c': source file has been changed.

[2025-05-30 01:59:55]	[done]
	build successfully !

[2025-05-30 02:00:30]	[info] incremental build: 2 source files changed
These source files will be recompiled
---
'd:\dev\EE_PROJECTs\Module_Validation\APP\main.c': source file has been changed.
'd:\dev\EE_PROJECTs\Module_Validation\BSP\i2c\bsp_i2c.c': source file has been changed.

[2025-05-30 02:00:32]	[done]
	build successfully !

[2025-05-30 02:10:25]	[info] incremental build: 2 source files changed
These source files will be recompiled
---
'd:\dev\EE_PROJECTs\Module_Validation\Module\ina226\driver_ina226.c': source file has been changed.
'd:\dev\EE_PROJECTs\Module_Validation\Module\ina226\driver_ina226_interface.c': source file has been changed.

[2025-05-30 02:10:26]	[done]
	build successfully !

[2025-05-30 02:12:30]	[info] incremental build: 1 source files changed
These source files will be recompiled
---
'd:\dev\EE_PROJECTs\Module_Validation\Module\ina226\driver_ina226.c': source file has been changed.

[2025-05-30 02:12:30]	[done]
	build successfully !

[2025-05-30 02:15:01]	[info] incremental build: 2 source files changed
These source files will be recompiled
---
'd:\dev\EE_PROJECTs\Module_Validation\Module\ina226\driver_ina226.c': source file has been changed.
'd:\dev\EE_PROJECTs\Module_Validation\Module\ina226\driver_ina226_interface.c': source file has been changed.

[2025-05-30 02:15:02]	[done]
	build successfully !

[2025-05-30 02:15:45]	[info] incremental build: 1 source files changed
These source files will be recompiled
---
'd:\dev\EE_PROJECTs\Module_Validation\APP\main.c': source file has been changed.

[2025-05-30 02:15:46]	[done]
	build successfully !

[2025-05-30 02:39:37]	[info] incremental build: 2 source files changed
These source files will be recompiled
---
'd:\dev\EE_PROJECTs\Module_Validation\Module\ina226\driver_ina226.c': source file has been changed.
'd:\dev\EE_PROJECTs\Module_Validation\Module\ina226\driver_ina226_interface.c': source file has been changed.

[2025-05-30 02:39:38]	compilation failed at : "d:\dev\EE_PROJECTs\Module_Validation\Module\ina226\driver_ina226_interface.c", exit code: 1
command: 
  "c:\Keil_v5\ARM\ARM_Compiler_5.06u7\bin\armcc.exe" -c --apcs=interwork -IAPP -IBoard -IBSP -ILibraries/inc -IModule -IBSP/uart -I.cmsis/include -IProject/MDK/RTE/_Project -IModule/ina226 -IBSP/i2c -IModule/ina226/example --cpu Cortex-M0+ --li --c99 -D__MICROLIB -O0 --split_sections --gnu --diag_suppress=1 --diag_suppress=1295 -g -o .\build\Project\.obj\Module\ina226\driver_ina226_interface.o --no_depend_system_headers --depend .\build\Project\.obj\Module\ina226\driver_ina226_interface.d .\Module\ina226\driver_ina226_interface.c
   at unify_builder.Program.Main(String[] args_)
---
".\Module\ina226\driver_ina226_interface.c", line 184: Warning:  #223-D: function "I2C_MasterReadEepromData" declared implicitly
      return I2C_MasterReadEepromData(CW_I2C2, addr, reg, buf, (uint32_t)len); // read data from eeprom
             ^
".\Module\ina226\driver_ina226_interface.c", line 216: Warning:  #111-D: statement is unreachable
      return 0;
      ^
".\Module\ina226\driver_ina226_interface.c", line 232: Error:  #120: return value type does not match the function type
      return I2C_MasterWriteEepromData(CW_I2C2, addr, buf, (uint32_t)len); // write data to eeprom
             ^
.\Module\ina226\driver_ina226_interface.c: 2 warnings, 1 error

[2025-05-30 02:40:07]	[info] incremental build: 1 source files changed
These source files will be recompiled
---
'd:\dev\EE_PROJECTs\Module_Validation\Module\ina226\driver_ina226_interface.c': source file has been changed.

[2025-05-30 02:40:07]	compilation failed at : "d:\dev\EE_PROJECTs\Module_Validation\Module\ina226\driver_ina226_interface.c", exit code: 1
command: 
  "c:\Keil_v5\ARM\ARM_Compiler_5.06u7\bin\armcc.exe" -c --apcs=interwork -IAPP -IBoard -IBSP -ILibraries/inc -IModule -IBSP/uart -I.cmsis/include -IProject/MDK/RTE/_Project -IModule/ina226 -IBSP/i2c -IModule/ina226/example --cpu Cortex-M0+ --li --c99 -D__MICROLIB -O0 --split_sections --gnu --diag_suppress=1 --diag_suppress=1295 -g -o .\build\Project\.obj\Module\ina226\driver_ina226_interface.o --no_depend_system_headers --depend .\build\Project\.obj\Module\ina226\driver_ina226_interface.d .\Module\ina226\driver_ina226_interface.c
   at unify_builder.Program.Main(String[] args_)
---
".\Module\ina226\driver_ina226_interface.c", line 185: Warning:  #223-D: function "I2C_MasterReadEepromData" declared implicitly
      return I2C_MasterReadEepromData(CW_I2C2, addr, reg, buf, (uint32_t)len); // read data from eeprom
             ^
".\Module\ina226\driver_ina226_interface.c", line 217: Warning:  #111-D: statement is unreachable
      return 0;
      ^
".\Module\ina226\driver_ina226_interface.c", line 233: Error:  #120: return value type does not match the function type
      return I2C_MasterWriteEepromData(CW_I2C2, addr, buf, (uint32_t)len); // write data to eeprom
             ^
.\Module\ina226\driver_ina226_interface.c: 2 warnings, 1 error

[2025-05-30 02:40:58]	[info] incremental build: 1 source files changed
These source files will be recompiled
---
'd:\dev\EE_PROJECTs\Module_Validation\Module\ina226\driver_ina226_interface.c': source file has been changed.

[2025-05-30 02:40:59]	compilation failed at : "d:\dev\EE_PROJECTs\Module_Validation\Module\ina226\driver_ina226_interface.c", exit code: 1
command: 
  "c:\Keil_v5\ARM\ARM_Compiler_5.06u7\bin\armcc.exe" -c --apcs=interwork -IAPP -IBoard -IBSP -ILibraries/inc -IModule -IBSP/uart -I.cmsis/include -IProject/MDK/RTE/_Project -IModule/ina226 -IBSP/i2c -IModule/ina226/example --cpu Cortex-M0+ --li --c99 -D__MICROLIB -O0 --split_sections --gnu --diag_suppress=1 --diag_suppress=1295 -g -o .\build\Project\.obj\Module\ina226\driver_ina226_interface.o --no_depend_system_headers --depend .\build\Project\.obj\Module\ina226\driver_ina226_interface.d .\Module\ina226\driver_ina226_interface.c
   at unify_builder.Program.Main(String[] args_)
---
".\Module\ina226\driver_ina226_interface.c", line 185: Warning:  #223-D: function "I2C_MasterReadEepromData" declared implicitly
      return (uint8_t)I2C_MasterReadEepromData(CW_I2C2, addr, reg, buf, (uint32_t)len); // read data from eeprom
                      ^
".\Module\ina226\driver_ina226_interface.c", line 233: Error:  #171: invalid type conversion
      return (uint8_t)I2C_MasterWriteEepromData(CW_I2C2, addr, buf, (uint32_t)len); // write data to eeprom
             ^
.\Module\ina226\driver_ina226_interface.c: 1 warning, 1 error

[2025-05-30 02:42:01]	[info] incremental build: 1 source files changed
These source files will be recompiled
---
'd:\dev\EE_PROJECTs\Module_Validation\Module\ina226\driver_ina226_interface.c': source file has been changed.

[2025-05-30 02:42:01]	compilation failed at : "d:\dev\EE_PROJECTs\Module_Validation\Module\ina226\driver_ina226_interface.c", exit code: 1
command: 
  "c:\Keil_v5\ARM\ARM_Compiler_5.06u7\bin\armcc.exe" -c --apcs=interwork -IAPP -IBoard -IBSP -ILibraries/inc -IModule -IBSP/uart -I.cmsis/include -IProject/MDK/RTE/_Project -IModule/ina226 -IBSP/i2c -IModule/ina226/example --cpu Cortex-M0+ --li --c99 -D__MICROLIB -O0 --split_sections --gnu --diag_suppress=1 --diag_suppress=1295 -g -o .\build\Project\.obj\Module\ina226\driver_ina226_interface.o --no_depend_system_headers --depend .\build\Project\.obj\Module\ina226\driver_ina226_interface.d .\Module\ina226\driver_ina226_interface.c
   at unify_builder.Program.Main(String[] args_)
---
".\Module\ina226\driver_ina226_interface.c", line 185: Warning:  #167-D: argument of type "uint8_t" is incompatible with parameter of type "uint8_t *"
      return (uint8_t)I2C_MasterReadEepomData(CW_I2C2, addr, reg, buf, (uint32_t)len); // read data from eeprom
                                                             ^
".\Module\ina226\driver_ina226_interface.c", line 185: Warning:  #167-D: argument of type "uint8_t *" is incompatible with parameter of type "uint32_t"
      return (uint8_t)I2C_MasterReadEepomData(CW_I2C2, addr, reg, buf, (uint32_t)len); // read data from eeprom
                                                                  ^
".\Module\ina226\driver_ina226_interface.c", line 185: Error:  #140: too many arguments in function call
      return (uint8_t)I2C_MasterReadEepomData(CW_I2C2, addr, reg, buf, (uint32_t)len); // read data from eeprom
                                                                       ^
".\Module\ina226\driver_ina226_interface.c", line 185: Error:  #171: invalid type conversion
      return (uint8_t)I2C_MasterReadEepomData(CW_I2C2, addr, reg, buf, (uint32_t)len); // read data from eeprom
             ^
".\Module\ina226\driver_ina226_interface.c", line 233: Error:  #171: invalid type conversion
      return (uint8_t)I2C_MasterWriteEepromData(CW_I2C2, addr, buf, (uint32_t)len); // write data to eeprom
             ^
.\Module\ina226\driver_ina226_interface.c: 2 warnings, 3 errors

[2025-05-30 03:17:34]	[info] incremental build: 2 source files changed
These source files will be recompiled
---
'd:\dev\EE_PROJECTs\Module_Validation\BSP\i2c\bsp_i2c.c': source file has been changed.
'd:\dev\EE_PROJECTs\Module_Validation\Module\ina226\driver_ina226_interface.c': source file has been changed.

[2025-05-30 03:17:35]	[done]
	build successfully !

[2025-05-30 03:18:55]	[info] incremental build: 1 source files changed
These source files will be recompiled
---
'd:\dev\EE_PROJECTs\Module_Validation\Module\ina226\driver_ina226.c': source file has been changed.

[2025-05-30 03:18:55]	[done]
	build successfully !

[2025-05-30 03:21:15]	[info] incremental build: 3 source files changed
These source files will be recompiled
---
'd:\dev\EE_PROJECTs\Module_Validation\BSP\i2c\bsp_i2c.c': dependence 'd:\dev\EE_PROJECTs\Module_Validation\BSP\i2c\bsp_i2c.h' has been changed.
'd:\dev\EE_PROJECTs\Module_Validation\Module\ina226\driver_ina226.c': source file has been changed.
'd:\dev\EE_PROJECTs\Module_Validation\Module\ina226\driver_ina226_interface.c': dependence 'd:\dev\EE_PROJECTs\Module_Validation\BSP\i2c\bsp_i2c.h' has been changed.

[2025-05-30 03:21:16]	[done]
	build successfully !

[2025-05-30 03:28:37]	[info] incremental build: 1 source files changed
These source files will be recompiled
---
'd:\dev\EE_PROJECTs\Module_Validation\Module\ina226\driver_ina226_interface.c': source file has been changed.

[2025-05-30 03:28:37]	[done]
	build successfully !

[2025-05-30 03:29:30]	[info] incremental build: 2 source files changed
These source files will be recompiled
---
'd:\dev\EE_PROJECTs\Module_Validation\Module\ina226\driver_ina226.c': source file has been changed.
'd:\dev\EE_PROJECTs\Module_Validation\Module\ina226\driver_ina226_interface.c': source file has been changed.

[2025-05-30 03:29:31]	[done]
	build successfully !

[2025-05-30 03:32:11]	[info] incremental build: 1 source files changed
These source files will be recompiled
---
'd:\dev\EE_PROJECTs\Module_Validation\Module\ina226\driver_ina226.c': source file has been changed.

[2025-05-30 03:32:12]	[done]
	build successfully !

[2025-05-30 03:33:11]	[info] incremental build: 1 source files changed
These source files will be recompiled
---
'd:\dev\EE_PROJECTs\Module_Validation\Module\ina226\driver_ina226.c': source file has been changed.

[2025-05-30 03:33:11]	[done]
	build successfully !

[2025-05-30 03:34:02]	[info] incremental build: 1 source files changed
These source files will be recompiled
---
'd:\dev\EE_PROJECTs\Module_Validation\APP\main.c': source file has been changed.

[2025-05-30 03:34:03]	[done]
	build successfully !

[2025-05-30 03:43:43]	[info] incremental build: 1 source files changed
These source files will be recompiled
---
'd:\dev\EE_PROJECTs\Module_Validation\APP\main.c': source file has been changed.

[2025-05-30 03:43:44]	[done]
	build successfully !

[2025-05-30 03:44:23]	[info] incremental build: 1 source files changed
These source files will be recompiled
---
'd:\dev\EE_PROJECTs\Module_Validation\Module\ina226\driver_ina226.c': source file has been changed.

[2025-05-30 03:44:24]	[done]
	build successfully !

[2025-05-30 03:45:52]	[info] incremental build: 1 source files changed
These source files will be recompiled
---
'd:\dev\EE_PROJECTs\Module_Validation\APP\main.c': source file has been changed.

[2025-05-30 03:45:53]	[done]
	build successfully !

